New log file opened at Thu May 14 00:00:49 JST 2015 by 7760@kengo-PCn
Taking next connection to: 61783
New client attempting to connect on port: 61784-61783
  Address = /192.168.169.1:61783
This client on port 61784 has uuid d9762eaa-22d2-494f-8e11-1246d72e6a9b configName activator humanReadableName Activator protocolVersion 1 featureTags Vector()
Connected Clients: activator-d9762eaa-22d2-494f-8e11-1246d72e6a9b
Taking next connection to: 61783
New client attempting to connect on port: 61785-61783
  Address = /192.168.169.1:61783
Handshake exception on socket: 61785
sbt.impl.ipc.HandshakeException: Unable to perform handshake
	at sbt.impl.ipc.Peer.handshake(IPC.scala:46)
	at sbt.impl.ipc.MultiClientServer.<init>(IPC.scala:150)
	at sbt.server.SbtServerSocketHandler$$anon$1.run(SbtServerSocketHandler.scala:43)
Caused by: java.net.SocketException: Software caused connection abort: recv failed
	at java.net.SocketInputStream.socketRead0(Native Method)
	at java.net.SocketInputStream.read(Unknown Source)
	at java.net.SocketInputStream.read(Unknown Source)
	at java.io.BufferedInputStream.fill(Unknown Source)
	at java.io.BufferedInputStream.read(Unknown Source)
	at java.io.DataInputStream.readInt(Unknown Source)
	at sbt.impl.ipc.Peer.receive(IPC.scala:95)
	at sbt.impl.ipc.Peer.handshake(IPC.scala:49)
	... 2 more
Taking next connection to: 61783
New client attempting to connect on port: 61786-61783
  Address = /192.168.169.1:61783
This client on port 61786 has uuid f997fb8a-c9f7-4fc1-b39d-64c979be9a98 configName activator humanReadableName Activator protocolVersion 1 featureTags Vector()
Connected Clients: activator-d9762eaa-22d2-494f-8e11-1246d72e6a9b, activator-f997fb8a-c9f7-4fc1-b39d-64c979be9a98
Taking next connection to: 61783
Checking to see if clients are empty...
We have 1 non-daemon clients, continuing serving connections.
Taking next connection to: 61783
New client attempting to connect on port: 61905-61783
  Address = /192.168.169.1:61783
Handshake exception on socket: 61905
sbt.impl.ipc.HandshakeException: Unable to perform handshake
	at sbt.impl.ipc.Peer.handshake(IPC.scala:46)
	at sbt.impl.ipc.MultiClientServer.<init>(IPC.scala:150)
	at sbt.server.SbtServerSocketHandler$$anon$1.run(SbtServerSocketHandler.scala:43)
Caused by: java.net.SocketException: Software caused connection abort: recv failed
	at java.net.SocketInputStream.socketRead0(Native Method)
	at java.net.SocketInputStream.read(Unknown Source)
	at java.net.SocketInputStream.read(Unknown Source)
	at java.io.BufferedInputStream.fill(Unknown Source)
	at java.io.BufferedInputStream.read(Unknown Source)
	at java.io.DataInputStream.readInt(Unknown Source)
	at sbt.impl.ipc.Peer.receive(IPC.scala:95)
	at sbt.impl.ipc.Peer.handshake(IPC.scala:49)
	... 2 more
Taking next connection to: 61783
New client attempting to connect on port: 61906-61783
  Address = /192.168.169.1:61783
This client on port 61906 has uuid 1835e46c-c962-4581-8d42-01a754f40436 configName play-fork-run humanReadableName Play Fork Run protocolVersion 1 featureTags Vector()
Connected Clients: activator-f997fb8a-c9f7-4fc1-b39d-64c979be9a98, play-fork-run-1835e46c-c962-4581-8d42-01a754f40436
Taking next connection to: 61783
Checking to see if clients are empty...
We have 1 non-daemon clients, continuing serving connections.
Taking next connection to: 61783
